<?xml version="1.0" encoding="UTF-8"?>
<!-- Generated by org.testng.reporters.JUnitReportReporter -->
<testsuite hostname="MacBook-Air-2.local" failures="0" tests="1" name="testCases.TC002_LoginTest" time="1.410" errors="0" timestamp="2024-09-15T16:21:48 IST" skipped="0">
  <testcase classname="testCases.TC002_LoginTest" name="verify_login" time="1.410"/>
</testsuite> <!-- testCases.TC002_LoginTest -->
