<?xml version="1.0" encoding="UTF-8"?>
<!-- Generated by org.testng.reporters.JUnitReportReporter -->
<testsuite hostname="MacBook-Air-3.local" failures="0" tests="1" name="testCases.TC007_component" time="4.370" errors="0" timestamp="2024-09-16T15:16:54 IST" skipped="0">
  <testcase classname="testCases.TC007_component" name="component" time="4.370"/>
</testsuite> <!-- testCases.TC007_component -->
