<?xml version="1.0" encoding="UTF-8"?>
<!-- Generated by org.testng.reporters.JUnitReportReporter -->
<testsuite hostname="MacBook-Air-3.local" failures="0" tests="1" name="testCases.TC002_LoginTest" time="1.336" errors="0" timestamp="2024-09-16T15:16:54 IST" skipped="0">
  <testcase classname="testCases.TC002_LoginTest" name="verify_login" time="1.336"/>
</testsuite> <!-- testCases.TC002_LoginTest -->
